TN:
SF:src\customerStore.js
FN:3,createCustomerStore
FN:7,createCustomer
FN:17,getCustomer
FN:21,updateCustomer
FN:39,deleteCustomer
FN:44,listCustomers
FNF:6
FNH:5
FNDA:4,createCustomerStore
FNDA:4,createCustomer
FNDA:3,getCustomer
FNDA:1,updateCustomer
FNDA:1,deleteCustomer
FNDA:0,listCustomers
DA:4,4
DA:5,4
DA:8,4
DA:9,3
DA:11,3
DA:12,3
DA:13,3
DA:14,3
DA:18,3
DA:22,1
DA:23,1
DA:24,1
DA:26,1
DA:32,1
DA:33,1
DA:35,1
DA:36,1
DA:40,1
DA:41,1
DA:45,0
DA:48,4
DA:57,1
LF:22
LH:21
BRDA:8,0,0,1
BRDA:8,0,1,3
BRDA:9,1,0,0
BRDA:9,1,1,3
BRDA:18,2,0,3
BRDA:18,2,1,1
BRDA:24,3,0,0
BRDA:24,3,1,1
BRDA:32,4,0,0
BRDA:32,4,1,1
BRDA:33,5,0,0
BRDA:33,5,1,1
BRF:12
BRH:8
end_of_record
